Started by user [8mha:////4E+ibVlSqBA88O7nOtoSfWE9nVCZz0/qeOP3Ch0jmWppAAAAlx+LCAAAAAAAAP9b85aBtbiIQTGjNKU4P08vOT+vOD8nVc83PyU1x6OyILUoJzMv2y+/JJUBAhiZGBgqihhk0NSjKDWzXb3RdlLBUSYGJk8GtpzUvPSSDB8G5tKinBIGIZ+sxLJE/ZzEvHT94JKizLx0a6BxUmjGOUNodHsLgAzBEgZu/dLi1CL9xJTczDwAo1uC48AAAAA=[0mMahmood Abu Awwad
[Mon Nov 30 10:56:35 UTC 2020] Starting branch indexing...
[8mha:////4PSUeN5YtMU/q7sOPetcCxjl+IkQBsn0SiuTVkomzCmNAAAAhB+LCAAAAAAAAP9b85aBtbiIwSa/KF0vKzUvOzOvODlTryCnNB3I0kvPLMkoTYpPKkrMS86IL84vLUpO1XPPLPEoTXLOzyvOz0n1yy9JZYAARiYGRi8GzpLM3NTiksTcgooiBqmM0pTi/Dy9ZIhiPayaGCoKgHSZxBlBXwCJOBUBjgAAAA==[0mConnecting to https://api.github.com with no credentials, anonymous access
[8mha:////4FWzjD9ylKl5M/Dq29BKrN+C1XqMfwhcXzr52rTlpIWUAAAAhB+LCAAAAAAAAP9b85aBtbiIwSa/KF0vKzUvOzOvODlTryCnNB3I0kvPLMkoTYpPKkrMS86IL84vLUpO1XPPLPEoTXLOzyvOz0n1yy9JZYAARiYGRi8GzpLM3NTiksTcgooiBqmM0pTi/Dy9ZIhiPayaGCoKgHSZxBmRowDexwGfjgAAAA==[0mJenkins-Imposed API Limiter: Current quota for Github API usage has 20 remaining (2 under budget). Next quota of 60 in 4 min 40 sec
Examining [8mha:////4M72CdXIWJBwmaMtc546CZ6opoSuXXU8FBqC3URuKDxgAAAAuB+LCAAAAAAAAP9djDEOgjAUhp8YPYCjcXejmwOGgbiIQRfdTZGGVspr0z5Er+E1dPEQHsc7iGHzW/5v+b/nB0bewUw2hTcYngx6o0W4vlnhtMJqZ0gs4scrvtt3AEEKYy2wJJnBsHGaYJKd+YUzzbFke3IKy+XVwfQvt+r3F4OeQQBwtZ3MCSJJZH3EWKlINnn3qtmWy9qYIsmbpG15wVIk4dBLZY8bgZVCfzxwX30BymvNV78AAAA=[0mMahmoodAbuAwwad/Internship_Jenkins_Task

  Checking branches...
[8mha:////4H56/uMXm+ccQdcfmybvvijcuCNKNLghJ84IffXi2MarAAAAhB+LCAAAAAAAAP9b85aBtbiIwSa/KF0vKzUvOzOvODlTryCnNB3I0kvPLMkoTYpPKkrMS86IL84vLUpO1XPPLPEoTXLOzyvOz0n1yy9JZYAARiYGRi8GzpLM3NTiksTcgooiBqmM0pTi/Dy9ZIhiPayaGCoKgHSZxBnRxwBicxdUjgAAAA==[0mJenkins-Imposed API Limiter: Current quota for Github API usage has 20 remaining (2 under budget). Next quota of 60 in 4 min 40 sec

  Getting remote branches...

    Checking branch [8mha:////4IHoGfnm1FsvScQclPDQTgY8Ad2C9uCv0Qs8gfFyY5rsAAAAwB+LCAAAAAAAAP9djLENwjAURD9BZABKxAy4owCliJAQIKCBPnKIZZs435b9A2EN1oCGIRiHHQhKxzV30tO95wcGwcNY1UWwODlZDNaIyermhDcay70lMU0er+Tu3hFEa4iNQElqC/3aG4Lh9swvnBmOkh3Ia5TzxsPoT7fo+ieDLr0IoHHtiAmWisiFGWNSk6rz9lWxHVeVtUWa1+n1ygu2RhIeg9Iu2wgsNYbsyEPJyAvBKh5a+gUdUhoKywAAAA==[0mmaster
[8mha:////4GqrxkEyjN/O4B1IZTEr1ki02qQsMMXcjwRG3fxmrAZ3AAAAhB+LCAAAAAAAAP9b85aBtbiIwSa/KF0vKzUvOzOvODlTryCnNB3I0kvPLMkoTYpPKkrMS86IL84vLUpO1XPPLPEoTXLOzyvOz0n1yy9JZYAARiYGRi8GzpLM3NTiksTcgooiBqmM0pTi/Dy9ZIhiPayaGCoKgHSZxBnxfgCTPCUijgAAAA==[0mJenkins-Imposed API Limiter: Current quota for Github API usage has 19 remaining (1 under budget). Next quota of 60 in 4 min 39 sec

  Getting remote pull requests...
      ‘Jenkinsfile’ found
    Met criteria
Changes detected: master (5d1849e6870bdc2fb4b95f5b8ced5d529789f420 → 4e7fe71a4d578269d9237015efabb01b5a703371)
Scheduled build for branch: master
[8mha:////4G8aeOM9TxOLRe3bp8J/RbF2R8nI3emDZYevTSqL/SeXAAAAhB+LCAAAAAAAAP9b85aBtbiIwSa/KF0vKzUvOzOvODlTryCnNB3I0kvPLMkoTYpPKkrMS86IL84vLUpO1XPPLPEoTXLOzyvOz0n1yy9JZYAARiYGRi8GzpLM3NTiksTcgooiBqmM0pTi/Dy9ZIhiPayaGCoKgHSZxBkpGwDooOPFjgAAAA==[0mJenkins-Imposed API Limiter: Current quota for Github API usage has 18 remaining (0 under budget). Next quota of 60 in 4 min 39 sec

  1 branches were processed

  Checking pull-requests...

  0 pull requests were processed

Finished examining MahmoodAbuAwwad/Internship_Jenkins_Task

[Mon Nov 30 10:56:38 UTC 2020] Finished branch indexing. Indexing took 2.4 sec
Finished: SUCCESS
